2018-12-17 08:48:29,830 p=49954 u=Shimesaba |  PLAY [all] *********************************************************************
2018-12-17 08:48:29,859 p=49954 u=Shimesaba |  TASK [Gathering Facts] *********************************************************
2018-12-17 08:48:33,651 p=49954 u=Shimesaba |  ok: [default]
2018-12-17 08:48:33,704 p=49954 u=Shimesaba |  TASK [get os version] **********************************************************
2018-12-17 08:48:34,927 p=49954 u=Shimesaba |  changed: [default]
2018-12-17 08:48:34,963 p=49954 u=Shimesaba |  TASK [debug result ver] ********************************************************
2018-12-17 08:48:35,179 p=49954 u=Shimesaba |  ok: [default] => {
    "msg": "CentOS Linux release 7.5.1804 (Core) "
}
2018-12-17 08:48:35,222 p=49954 u=Shimesaba |  TASK [get karnel information] **************************************************
2018-12-17 08:48:36,012 p=49954 u=Shimesaba |  changed: [default]
2018-12-17 08:48:36,070 p=49954 u=Shimesaba |  TASK [debug result ver] ********************************************************
2018-12-17 08:48:36,307 p=49954 u=Shimesaba |  ok: [default] => {
    "msg": "Linux localhost.localdomain 3.10.0-862.14.4.el7.x86_64 #1 SMP Wed Sep 26 15:12:11 UTC 2018 x86_64 x86_64 x86_64 GNU/Linux"
}
2018-12-17 08:48:36,349 p=49954 u=Shimesaba |  TASK [Install OpenLDAP servers and clients] ************************************
2018-12-17 08:48:40,900 p=49954 u=Shimesaba |  ok: [default]
2018-12-17 08:48:40,932 p=49954 u=Shimesaba |  TASK [display package install] *************************************************
2018-12-17 08:48:41,120 p=49954 u=Shimesaba |  ok: [default] => {
    "result": {
        "changed": false,
        "failed": false,
        "msg": "",
        "obsoletes": {
            "grub2": {
                "dist": "x86_64",
                "repo": "@anaconda",
                "version": "1:2.02-0.65.el7.centos.2"
            },
            "grub2-tools": {
                "dist": "x86_64",
                "repo": "@anaconda",
                "version": "1:2.02-0.65.el7.centos.2"
            }
        },
        "rc": 0,
        "results": [
            "All packages providing openldap-servers are up to date",
            "All packages providing openldap-clients are up to date",
            ""
        ]
    }
}
2018-12-17 08:48:41,151 p=49954 u=Shimesaba |  TASK [start slapd (OpenLDAP)] **************************************************
2018-12-17 08:48:42,182 p=49954 u=Shimesaba |  ok: [default]
2018-12-17 08:48:42,219 p=49954 u=Shimesaba |  TASK [display slapd start result] **********************************************
2018-12-17 08:48:42,397 p=49954 u=Shimesaba |  ok: [default] => {
    "result": {
        "changed": false,
        "failed": false,
        "name": "slapd",
        "state": "started",
        "status": {
            "ActiveEnterTimestamp": "Sun 2018-12-16 23:29:51 UTC",
            "ActiveEnterTimestampMonotonic": "25401713",
            "ActiveExitTimestampMonotonic": "0",
            "ActiveState": "active",
            "After": "systemd-journald.socket syslog.target system.slice basic.target network-online.target",
            "AllowIsolate": "no",
            "AmbientCapabilities": "0",
            "AssertResult": "yes",
            "AssertTimestamp": "Sun 2018-12-16 23:29:47 UTC",
            "AssertTimestampMonotonic": "21770585",
            "Before": "multi-user.target shutdown.target",
            "BlockIOAccounting": "no",
            "BlockIOWeight": "18446744073709551615",
            "CPUAccounting": "no",
            "CPUQuotaPerSecUSec": "infinity",
            "CPUSchedulingPolicy": "0",
            "CPUSchedulingPriority": "0",
            "CPUSchedulingResetOnFork": "no",
            "CPUShares": "18446744073709551615",
            "CanIsolate": "no",
            "CanReload": "no",
            "CanStart": "yes",
            "CanStop": "yes",
            "CapabilityBoundingSet": "18446744073709551615",
            "ConditionResult": "yes",
            "ConditionTimestamp": "Sun 2018-12-16 23:29:47 UTC",
            "ConditionTimestampMonotonic": "21770585",
            "Conflicts": "shutdown.target",
            "ControlGroup": "/system.slice/slapd.service",
            "ControlPID": "0",
            "DefaultDependencies": "yes",
            "Delegate": "no",
            "Description": "OpenLDAP Server Daemon",
            "DevicePolicy": "auto",
            "Documentation": "man:slapd man:slapd-config man:slapd-hdb man:slapd-mdb file:///usr/share/doc/openldap-servers/guide.html",
            "Environment": "SLAPD_URLS=ldap:///\\x20ldapi:/// SLAPD_OPTIONS=",
            "EnvironmentFile": "/etc/sysconfig/slapd (ignore_errors=no)",
            "ExecMainCode": "0",
            "ExecMainExitTimestampMonotonic": "0",
            "ExecMainPID": "889",
            "ExecMainStartTimestamp": "Sun 2018-12-16 23:29:51 UTC",
            "ExecMainStartTimestampMonotonic": "25401628",
            "ExecMainStatus": "0",
            "ExecStart": "{ path=/usr/sbin/slapd ; argv[]=/usr/sbin/slapd -u ldap -h ${SLAPD_URLS} $SLAPD_OPTIONS ; ignore_errors=no ; start_time=[Sun 2018-12-16 23:29:49 UTC] ; stop_time=[Sun 2018-12-16 23:29:51 UTC] ; pid=774 ; code=exited ; status=0 }",
            "ExecStartPre": "{ path=/usr/libexec/openldap/check-config.sh ; argv[]=/usr/libexec/openldap/check-config.sh ; ignore_errors=no ; start_time=[Sun 2018-12-16 23:29:47 UTC] ; stop_time=[Sun 2018-12-16 23:29:49 UTC] ; pid=718 ; code=exited ; status=0 }",
            "FailureAction": "none",
            "FileDescriptorStoreMax": "0",
            "FragmentPath": "/usr/lib/systemd/system/slapd.service",
            "GuessMainPID": "yes",
            "IOScheduling": "0",
            "Id": "slapd.service",
            "IgnoreOnIsolate": "no",
            "IgnoreOnSnapshot": "no",
            "IgnoreSIGPIPE": "yes",
            "InactiveEnterTimestampMonotonic": "0",
            "InactiveExitTimestamp": "Sun 2018-12-16 23:29:47 UTC",
            "InactiveExitTimestampMonotonic": "21862471",
            "JobTimeoutAction": "none",
            "JobTimeoutUSec": "0",
            "KillMode": "control-group",
            "KillSignal": "15",
            "LimitAS": "18446744073709551615",
            "LimitCORE": "18446744073709551615",
            "LimitCPU": "18446744073709551615",
            "LimitDATA": "18446744073709551615",
            "LimitFSIZE": "18446744073709551615",
            "LimitLOCKS": "18446744073709551615",
            "LimitMEMLOCK": "65536",
            "LimitMSGQUEUE": "819200",
            "LimitNICE": "0",
            "LimitNOFILE": "4096",
            "LimitNPROC": "1889",
            "LimitRSS": "18446744073709551615",
            "LimitRTPRIO": "0",
            "LimitRTTIME": "18446744073709551615",
            "LimitSIGPENDING": "1889",
            "LimitSTACK": "18446744073709551615",
            "LoadState": "loaded",
            "MainPID": "889",
            "MemoryAccounting": "no",
            "MemoryCurrent": "18446744073709551615",
            "MemoryLimit": "18446744073709551615",
            "MountFlags": "0",
            "Names": "slapd.service",
            "NeedDaemonReload": "no",
            "Nice": "0",
            "NoNewPrivileges": "no",
            "NonBlocking": "no",
            "NotifyAccess": "none",
            "OOMScoreAdjust": "0",
            "OnFailureJobMode": "replace",
            "PIDFile": "/var/run/openldap/slapd.pid",
            "PermissionsStartOnly": "no",
            "PrivateDevices": "no",
            "PrivateNetwork": "no",
            "PrivateTmp": "no",
            "ProtectHome": "no",
            "ProtectSystem": "no",
            "RefuseManualStart": "no",
            "RefuseManualStop": "no",
            "RemainAfterExit": "no",
            "Requires": "basic.target",
            "Restart": "no",
            "RestartUSec": "100ms",
            "Result": "success",
            "RootDirectoryStartOnly": "no",
            "RuntimeDirectoryMode": "0755",
            "SameProcessGroup": "no",
            "SecureBits": "0",
            "SendSIGHUP": "no",
            "SendSIGKILL": "yes",
            "Slice": "system.slice",
            "StandardError": "inherit",
            "StandardInput": "null",
            "StandardOutput": "journal",
            "StartLimitAction": "none",
            "StartLimitBurst": "5",
            "StartLimitInterval": "10000000",
            "StartupBlockIOWeight": "18446744073709551615",
            "StartupCPUShares": "18446744073709551615",
            "StatusErrno": "0",
            "StopWhenUnneeded": "no",
            "SubState": "running",
            "SyslogLevelPrefix": "yes",
            "SyslogPriority": "30",
            "SystemCallErrorNumber": "0",
            "TTYReset": "no",
            "TTYVHangup": "no",
            "TTYVTDisallocate": "no",
            "TasksAccounting": "no",
            "TasksCurrent": "18446744073709551615",
            "TasksMax": "18446744073709551615",
            "TimeoutStartUSec": "1min 30s",
            "TimeoutStopUSec": "1min 30s",
            "TimerSlackNSec": "50000",
            "Transient": "no",
            "Type": "forking",
            "UMask": "0022",
            "UnitFilePreset": "disabled",
            "UnitFileState": "enabled",
            "WantedBy": "multi-user.target",
            "Wants": "system.slice",
            "WatchdogTimestamp": "Sun 2018-12-16 23:29:51 UTC",
            "WatchdogTimestampMonotonic": "25401665",
            "WatchdogUSec": "0"
        }
    }
}
2018-12-17 08:48:42,434 p=49954 u=Shimesaba |  TASK [enable slapd (OpenLDAP)] *************************************************
2018-12-17 08:48:43,297 p=49954 u=Shimesaba |  ok: [default]
2018-12-17 08:48:43,380 p=49954 u=Shimesaba |  TASK [display result] **********************************************************
2018-12-17 08:48:43,574 p=49954 u=Shimesaba |  ok: [default] => {
    "result": {
        "changed": false,
        "enabled": true,
        "failed": false,
        "name": "slapd",
        "state": "started",
        "status": {
            "ActiveEnterTimestamp": "Sun 2018-12-16 23:29:51 UTC",
            "ActiveEnterTimestampMonotonic": "25401713",
            "ActiveExitTimestampMonotonic": "0",
            "ActiveState": "active",
            "After": "systemd-journald.socket syslog.target system.slice basic.target network-online.target",
            "AllowIsolate": "no",
            "AmbientCapabilities": "0",
            "AssertResult": "yes",
            "AssertTimestamp": "Sun 2018-12-16 23:29:47 UTC",
            "AssertTimestampMonotonic": "21770585",
            "Before": "multi-user.target shutdown.target",
            "BlockIOAccounting": "no",
            "BlockIOWeight": "18446744073709551615",
            "CPUAccounting": "no",
            "CPUQuotaPerSecUSec": "infinity",
            "CPUSchedulingPolicy": "0",
            "CPUSchedulingPriority": "0",
            "CPUSchedulingResetOnFork": "no",
            "CPUShares": "18446744073709551615",
            "CanIsolate": "no",
            "CanReload": "no",
            "CanStart": "yes",
            "CanStop": "yes",
            "CapabilityBoundingSet": "18446744073709551615",
            "ConditionResult": "yes",
            "ConditionTimestamp": "Sun 2018-12-16 23:29:47 UTC",
            "ConditionTimestampMonotonic": "21770585",
            "Conflicts": "shutdown.target",
            "ControlGroup": "/system.slice/slapd.service",
            "ControlPID": "0",
            "DefaultDependencies": "yes",
            "Delegate": "no",
            "Description": "OpenLDAP Server Daemon",
            "DevicePolicy": "auto",
            "Documentation": "man:slapd man:slapd-config man:slapd-hdb man:slapd-mdb file:///usr/share/doc/openldap-servers/guide.html",
            "Environment": "SLAPD_URLS=ldap:///\\x20ldapi:/// SLAPD_OPTIONS=",
            "EnvironmentFile": "/etc/sysconfig/slapd (ignore_errors=no)",
            "ExecMainCode": "0",
            "ExecMainExitTimestampMonotonic": "0",
            "ExecMainPID": "889",
            "ExecMainStartTimestamp": "Sun 2018-12-16 23:29:51 UTC",
            "ExecMainStartTimestampMonotonic": "25401628",
            "ExecMainStatus": "0",
            "ExecStart": "{ path=/usr/sbin/slapd ; argv[]=/usr/sbin/slapd -u ldap -h ${SLAPD_URLS} $SLAPD_OPTIONS ; ignore_errors=no ; start_time=[Sun 2018-12-16 23:29:49 UTC] ; stop_time=[Sun 2018-12-16 23:29:51 UTC] ; pid=774 ; code=exited ; status=0 }",
            "ExecStartPre": "{ path=/usr/libexec/openldap/check-config.sh ; argv[]=/usr/libexec/openldap/check-config.sh ; ignore_errors=no ; start_time=[Sun 2018-12-16 23:29:47 UTC] ; stop_time=[Sun 2018-12-16 23:29:49 UTC] ; pid=718 ; code=exited ; status=0 }",
            "FailureAction": "none",
            "FileDescriptorStoreMax": "0",
            "FragmentPath": "/usr/lib/systemd/system/slapd.service",
            "GuessMainPID": "yes",
            "IOScheduling": "0",
            "Id": "slapd.service",
            "IgnoreOnIsolate": "no",
            "IgnoreOnSnapshot": "no",
            "IgnoreSIGPIPE": "yes",
            "InactiveEnterTimestampMonotonic": "0",
            "InactiveExitTimestamp": "Sun 2018-12-16 23:29:47 UTC",
            "InactiveExitTimestampMonotonic": "21862471",
            "JobTimeoutAction": "none",
            "JobTimeoutUSec": "0",
            "KillMode": "control-group",
            "KillSignal": "15",
            "LimitAS": "18446744073709551615",
            "LimitCORE": "18446744073709551615",
            "LimitCPU": "18446744073709551615",
            "LimitDATA": "18446744073709551615",
            "LimitFSIZE": "18446744073709551615",
            "LimitLOCKS": "18446744073709551615",
            "LimitMEMLOCK": "65536",
            "LimitMSGQUEUE": "819200",
            "LimitNICE": "0",
            "LimitNOFILE": "4096",
            "LimitNPROC": "1889",
            "LimitRSS": "18446744073709551615",
            "LimitRTPRIO": "0",
            "LimitRTTIME": "18446744073709551615",
            "LimitSIGPENDING": "1889",
            "LimitSTACK": "18446744073709551615",
            "LoadState": "loaded",
            "MainPID": "889",
            "MemoryAccounting": "no",
            "MemoryCurrent": "18446744073709551615",
            "MemoryLimit": "18446744073709551615",
            "MountFlags": "0",
            "Names": "slapd.service",
            "NeedDaemonReload": "no",
            "Nice": "0",
            "NoNewPrivileges": "no",
            "NonBlocking": "no",
            "NotifyAccess": "none",
            "OOMScoreAdjust": "0",
            "OnFailureJobMode": "replace",
            "PIDFile": "/var/run/openldap/slapd.pid",
            "PermissionsStartOnly": "no",
            "PrivateDevices": "no",
            "PrivateNetwork": "no",
            "PrivateTmp": "no",
            "ProtectHome": "no",
            "ProtectSystem": "no",
            "RefuseManualStart": "no",
            "RefuseManualStop": "no",
            "RemainAfterExit": "no",
            "Requires": "basic.target",
            "Restart": "no",
            "RestartUSec": "100ms",
            "Result": "success",
            "RootDirectoryStartOnly": "no",
            "RuntimeDirectoryMode": "0755",
            "SameProcessGroup": "no",
            "SecureBits": "0",
            "SendSIGHUP": "no",
            "SendSIGKILL": "yes",
            "Slice": "system.slice",
            "StandardError": "inherit",
            "StandardInput": "null",
            "StandardOutput": "journal",
            "StartLimitAction": "none",
            "StartLimitBurst": "5",
            "StartLimitInterval": "10000000",
            "StartupBlockIOWeight": "18446744073709551615",
            "StartupCPUShares": "18446744073709551615",
            "StatusErrno": "0",
            "StopWhenUnneeded": "no",
            "SubState": "running",
            "SyslogLevelPrefix": "yes",
            "SyslogPriority": "30",
            "SystemCallErrorNumber": "0",
            "TTYReset": "no",
            "TTYVHangup": "no",
            "TTYVTDisallocate": "no",
            "TasksAccounting": "no",
            "TasksCurrent": "18446744073709551615",
            "TasksMax": "18446744073709551615",
            "TimeoutStartUSec": "1min 30s",
            "TimeoutStopUSec": "1min 30s",
            "TimerSlackNSec": "50000",
            "Transient": "no",
            "Type": "forking",
            "UMask": "0022",
            "UnitFilePreset": "disabled",
            "UnitFileState": "enabled",
            "WantedBy": "multi-user.target",
            "Wants": "system.slice",
            "WatchdogTimestamp": "Sun 2018-12-16 23:29:51 UTC",
            "WatchdogTimestampMonotonic": "25401665",
            "WatchdogUSec": "0"
        }
    }
}
2018-12-17 08:48:43,607 p=49954 u=Shimesaba |  TASK [check openldap default configuration SASL=EXTERNAL] **********************
2018-12-17 08:48:44,409 p=49954 u=Shimesaba |  changed: [default]
2018-12-17 08:48:44,462 p=49954 u=Shimesaba |  TASK [display result] **********************************************************
2018-12-17 08:48:44,772 p=49954 u=Shimesaba |  ok: [default] => {
    "result": {
        "changed": true,
        "cmd": [
            "ldapsearch",
            "-LLL",
            "-Y",
            "EXTERNAL",
            "-H",
            "ldapi:///",
            "-b",
            "cn=config",
            "dn"
        ],
        "delta": "0:00:00.024183",
        "end": "2018-12-16 23:48:44.259963",
        "failed": false,
        "rc": 0,
        "start": "2018-12-16 23:48:44.235780",
        "stderr": "SASL/EXTERNAL authentication started\nSASL username: gidNumber=0+uidNumber=0,cn=peercred,cn=external,cn=auth\nSASL SSF: 0",
        "stderr_lines": [
            "SASL/EXTERNAL authentication started",
            "SASL username: gidNumber=0+uidNumber=0,cn=peercred,cn=external,cn=auth",
            "SASL SSF: 0"
        ],
        "stdout": "dn: cn=config\n\ndn: cn=schema,cn=config\n\ndn: cn={0}core,cn=schema,cn=config\n\ndn: olcDatabase={-1}frontend,cn=config\n\ndn: olcDatabase={0}config,cn=config\n\ndn: olcDatabase={1}monitor,cn=config\n\ndn: olcDatabase={2}hdb,cn=config",
        "stdout_lines": [
            "dn: cn=config",
            "",
            "dn: cn=schema,cn=config",
            "",
            "dn: cn={0}core,cn=schema,cn=config",
            "",
            "dn: olcDatabase={-1}frontend,cn=config",
            "",
            "dn: olcDatabase={0}config,cn=config",
            "",
            "dn: olcDatabase={1}monitor,cn=config",
            "",
            "dn: olcDatabase={2}hdb,cn=config"
        ]
    }
}
2018-12-17 08:48:44,846 p=49954 u=Shimesaba |  TASK [check openldap default cn=config dn] *************************************
2018-12-17 08:48:46,530 p=49954 u=Shimesaba |  changed: [default]
2018-12-17 08:48:46,588 p=49954 u=Shimesaba |  TASK [display result] **********************************************************
2018-12-17 08:48:46,904 p=49954 u=Shimesaba |  ok: [default] => {
    "result": {
        "changed": true,
        "cmd": [
            "ldapsearch",
            "-LLL",
            "-H",
            "ldapi:///",
            "-b",
            "cn=config",
            "dn"
        ],
        "delta": "0:00:00.058209",
        "end": "2018-12-16 23:48:46.322637",
        "failed": false,
        "rc": 0,
        "start": "2018-12-16 23:48:46.264428",
        "stderr": "SASL/EXTERNAL authentication started\nSASL username: gidNumber=0+uidNumber=0,cn=peercred,cn=external,cn=auth\nSASL SSF: 0",
        "stderr_lines": [
            "SASL/EXTERNAL authentication started",
            "SASL username: gidNumber=0+uidNumber=0,cn=peercred,cn=external,cn=auth",
            "SASL SSF: 0"
        ],
        "stdout": "dn: cn=config\n\ndn: cn=schema,cn=config\n\ndn: cn={0}core,cn=schema,cn=config\n\ndn: olcDatabase={-1}frontend,cn=config\n\ndn: olcDatabase={0}config,cn=config\n\ndn: olcDatabase={1}monitor,cn=config\n\ndn: olcDatabase={2}hdb,cn=config",
        "stdout_lines": [
            "dn: cn=config",
            "",
            "dn: cn=schema,cn=config",
            "",
            "dn: cn={0}core,cn=schema,cn=config",
            "",
            "dn: olcDatabase={-1}frontend,cn=config",
            "",
            "dn: olcDatabase={0}config,cn=config",
            "",
            "dn: olcDatabase={1}monitor,cn=config",
            "",
            "dn: olcDatabase={2}hdb,cn=config"
        ]
    }
}
2018-12-17 08:48:47,006 p=49954 u=Shimesaba |  TASK [check base tree cn=config only] ******************************************
2018-12-17 08:48:48,169 p=49954 u=Shimesaba |  changed: [default]
2018-12-17 08:48:48,239 p=49954 u=Shimesaba |  TASK [display result] **********************************************************
2018-12-17 08:48:48,521 p=49954 u=Shimesaba |  ok: [default] => {
    "result": {
        "changed": true,
        "cmd": [
            "ldapsearch",
            "-LLL",
            "-H",
            "ldapi:///",
            "-b",
            "cn=config",
            "-s",
            "base"
        ],
        "delta": "0:00:00.054604",
        "end": "2018-12-16 23:48:48.029251",
        "failed": false,
        "rc": 0,
        "start": "2018-12-16 23:48:47.974647",
        "stderr": "SASL/EXTERNAL authentication started\nSASL username: gidNumber=0+uidNumber=0,cn=peercred,cn=external,cn=auth\nSASL SSF: 0",
        "stderr_lines": [
            "SASL/EXTERNAL authentication started",
            "SASL username: gidNumber=0+uidNumber=0,cn=peercred,cn=external,cn=auth",
            "SASL SSF: 0"
        ],
        "stdout": "dn: cn=config\nobjectClass: olcGlobal\ncn: config\nolcArgsFile: /var/run/openldap/slapd.args\nolcPidFile: /var/run/openldap/slapd.pid\nolcTLSCACertificatePath: /etc/openldap/certs\nolcTLSCertificateFile: \"OpenLDAP Server\"\nolcTLSCertificateKeyFile: /etc/openldap/certs/password",
        "stdout_lines": [
            "dn: cn=config",
            "objectClass: olcGlobal",
            "cn: config",
            "olcArgsFile: /var/run/openldap/slapd.args",
            "olcPidFile: /var/run/openldap/slapd.pid",
            "olcTLSCACertificatePath: /etc/openldap/certs",
            "olcTLSCertificateFile: \"OpenLDAP Server\"",
            "olcTLSCertificateKeyFile: /etc/openldap/certs/password"
        ]
    }
}
2018-12-17 08:48:48,525 p=49954 u=Shimesaba |  PLAY RECAP *********************************************************************
2018-12-17 08:48:48,525 p=49954 u=Shimesaba |  default                    : ok=17   changed=5    unreachable=0    failed=0   
2018-12-20 08:34:51,804 p=60421 u=Shimesaba |  PLAY [all] **********************************************************************************************************************************
2018-12-20 08:34:51,835 p=60421 u=Shimesaba |  TASK [Gathering Facts] **********************************************************************************************************************
2018-12-20 08:34:57,814 p=60421 u=Shimesaba |  ok: [default]
2018-12-20 08:34:57,866 p=60421 u=Shimesaba |  TASK [display frontend database] ************************************************************************************************************
2018-12-20 08:34:58,781 p=60421 u=Shimesaba |  changed: [default]
2018-12-20 08:34:58,827 p=60421 u=Shimesaba |  TASK [display result] ***********************************************************************************************************************
2018-12-20 08:34:59,017 p=60421 u=Shimesaba |  ok: [default] => {
    "result": {
        "changed": true,
        "cmd": [
            "ldapsearch",
            "-LLL",
            "-H",
            "ldapi:///",
            "-b",
            "olcDatabase={-1}frontend,cn=config"
        ],
        "delta": "0:00:00.025041",
        "end": "2018-12-17 01:30:50.784223",
        "failed": false,
        "rc": 0,
        "start": "2018-12-17 01:30:50.759182",
        "stderr": "SASL/EXTERNAL authentication started\nSASL username: gidNumber=0+uidNumber=0,cn=peercred,cn=external,cn=auth\nSASL SSF: 0",
        "stderr_lines": [
            "SASL/EXTERNAL authentication started",
            "SASL username: gidNumber=0+uidNumber=0,cn=peercred,cn=external,cn=auth",
            "SASL SSF: 0"
        ],
        "stdout": "dn: olcDatabase={-1}frontend,cn=config\nobjectClass: olcDatabaseConfig\nobjectClass: olcFrontendConfig\nolcDatabase: {-1}frontend",
        "stdout_lines": [
            "dn: olcDatabase={-1}frontend,cn=config",
            "objectClass: olcDatabaseConfig",
            "objectClass: olcFrontendConfig",
            "olcDatabase: {-1}frontend"
        ]
    }
}
2018-12-20 08:34:59,021 p=60421 u=Shimesaba |  PLAY RECAP **********************************************************************************************************************************
2018-12-20 08:34:59,021 p=60421 u=Shimesaba |  default                    : ok=3    changed=1    unreachable=0    failed=0   
2018-12-20 08:43:01,973 p=60586 u=Shimesaba |  PLAY [all] **********************************************************************************************************************************
2018-12-20 08:43:01,998 p=60586 u=Shimesaba |  TASK [Gathering Facts] **********************************************************************************************************************
2018-12-20 08:43:04,598 p=60586 u=Shimesaba |  ok: [default]
2018-12-20 08:43:04,644 p=60586 u=Shimesaba |  TASK [display config database] **************************************************************************************************************
2018-12-20 08:43:05,537 p=60586 u=Shimesaba |  changed: [default]
2018-12-20 08:43:05,569 p=60586 u=Shimesaba |  TASK [display result] ***********************************************************************************************************************
2018-12-20 08:43:05,820 p=60586 u=Shimesaba |  ok: [default] => {
    "result": {
        "changed": true,
        "cmd": [
            "ldapsearch",
            "-LLL",
            "-H",
            "ldapi:///",
            "-b",
            "olcDatabase={0}config,cn=config"
        ],
        "delta": "0:00:00.023660",
        "end": "2018-12-17 01:39:38.098043",
        "failed": false,
        "rc": 0,
        "start": "2018-12-17 01:39:38.074383",
        "stderr": "SASL/EXTERNAL authentication started\nSASL username: gidNumber=0+uidNumber=0,cn=peercred,cn=external,cn=auth\nSASL SSF: 0",
        "stderr_lines": [
            "SASL/EXTERNAL authentication started",
            "SASL username: gidNumber=0+uidNumber=0,cn=peercred,cn=external,cn=auth",
            "SASL SSF: 0"
        ],
        "stdout": "dn: olcDatabase={0}config,cn=config\nobjectClass: olcDatabaseConfig\nolcDatabase: {0}config\nolcAccess: {0}to * by dn.base=\"gidNumber=0+uidNumber=0,cn=peercred,cn=external\n ,cn=auth\" manage by * none",
        "stdout_lines": [
            "dn: olcDatabase={0}config,cn=config",
            "objectClass: olcDatabaseConfig",
            "olcDatabase: {0}config",
            "olcAccess: {0}to * by dn.base=\"gidNumber=0+uidNumber=0,cn=peercred,cn=external",
            " ,cn=auth\" manage by * none"
        ]
    }
}
2018-12-20 08:43:05,823 p=60586 u=Shimesaba |  PLAY RECAP **********************************************************************************************************************************
2018-12-20 08:43:05,823 p=60586 u=Shimesaba |  default                    : ok=3    changed=1    unreachable=0    failed=0   
2018-12-20 08:47:02,815 p=60669 u=Shimesaba |  PLAY [all] **********************************************************************************************************************************
2018-12-20 08:47:02,848 p=60669 u=Shimesaba |  TASK [Gathering Facts] **********************************************************************************************************************
2018-12-20 08:47:05,422 p=60669 u=Shimesaba |  ok: [default]
2018-12-20 08:47:05,482 p=60669 u=Shimesaba |  TASK [display monitor database] *************************************************************************************************************
2018-12-20 08:47:06,631 p=60669 u=Shimesaba |  changed: [default]
2018-12-20 08:47:06,664 p=60669 u=Shimesaba |  TASK [display result] ***********************************************************************************************************************
2018-12-20 08:47:06,851 p=60669 u=Shimesaba |  ok: [default] => {
    "result": {
        "changed": true,
        "cmd": [
            "ldapsearch",
            "-LLL",
            "-H",
            "ldapi:///",
            "-b",
            "olcDatabase={1}monitor,cn=config"
        ],
        "delta": "0:00:00.028408",
        "end": "2018-12-17 01:43:59.282880",
        "failed": false,
        "rc": 0,
        "start": "2018-12-17 01:43:59.254472",
        "stderr": "SASL/EXTERNAL authentication started\nSASL username: gidNumber=0+uidNumber=0,cn=peercred,cn=external,cn=auth\nSASL SSF: 0",
        "stderr_lines": [
            "SASL/EXTERNAL authentication started",
            "SASL username: gidNumber=0+uidNumber=0,cn=peercred,cn=external,cn=auth",
            "SASL SSF: 0"
        ],
        "stdout": "dn: olcDatabase={1}monitor,cn=config\nobjectClass: olcDatabaseConfig\nolcDatabase: {1}monitor\nolcAccess: {0}to * by dn.base=\"gidNumber=0+uidNumber=0,cn=peercred,cn=external\n ,cn=auth\" read by dn.base=\"cn=Manager,dc=my-domain,dc=com\" read by * none",
        "stdout_lines": [
            "dn: olcDatabase={1}monitor,cn=config",
            "objectClass: olcDatabaseConfig",
            "olcDatabase: {1}monitor",
            "olcAccess: {0}to * by dn.base=\"gidNumber=0+uidNumber=0,cn=peercred,cn=external",
            " ,cn=auth\" read by dn.base=\"cn=Manager,dc=my-domain,dc=com\" read by * none"
        ]
    }
}
2018-12-20 08:47:06,855 p=60669 u=Shimesaba |  PLAY RECAP **********************************************************************************************************************************
2018-12-20 08:47:06,855 p=60669 u=Shimesaba |  default                    : ok=3    changed=1    unreachable=0    failed=0   
2018-12-21 08:26:01,689 p=67843 u=Shimesaba |   [WARNING]: Unable to parse /etc/ansible/hosts as an inventory source

2018-12-21 08:26:01,689 p=67843 u=Shimesaba |   [WARNING]: No inventory was parsed, only implicit localhost is available

2018-12-21 08:26:01,698 p=67843 u=Shimesaba |   [WARNING]: provided hosts list is empty, only localhost is available. Note that the implicit localhost does not match 'all'

2018-12-21 08:26:03,188 p=67843 u=Shimesaba |  PLAY [all] **********************************************************************************************************************************
2018-12-21 08:26:03,189 p=67843 u=Shimesaba |  skipping: no hosts matched
2018-12-21 08:26:03,189 p=67843 u=Shimesaba |  PLAY RECAP **********************************************************************************************************************************
2018-12-21 08:26:53,668 p=67864 u=Shimesaba |  PLAY [all] **********************************************************************************************************************************
2018-12-21 08:26:53,706 p=67864 u=Shimesaba |  TASK [Gathering Facts] **********************************************************************************************************************
2018-12-21 08:26:55,950 p=67864 u=Shimesaba |  ok: [default]
2018-12-21 08:26:55,983 p=67864 u=Shimesaba |  TASK [display actual default database] ******************************************************************************************************
2018-12-21 08:26:56,798 p=67864 u=Shimesaba |  changed: [default]
2018-12-21 08:26:56,837 p=67864 u=Shimesaba |  TASK [display result] ***********************************************************************************************************************
2018-12-21 08:26:56,995 p=67864 u=Shimesaba |  ok: [default] => {
    "result": {
        "changed": true,
        "cmd": [
            "ldapsearch",
            "-LLL",
            "-H",
            "ldapi:///",
            "-b",
            "olcDatabase={2}hdb,cn=config"
        ],
        "delta": "0:00:00.021982",
        "end": "2018-12-20 23:26:56.692813",
        "failed": false,
        "rc": 0,
        "start": "2018-12-20 23:26:56.670831",
        "stderr": "SASL/EXTERNAL authentication started\nSASL username: gidNumber=0+uidNumber=0,cn=peercred,cn=external,cn=auth\nSASL SSF: 0",
        "stderr_lines": [
            "SASL/EXTERNAL authentication started",
            "SASL username: gidNumber=0+uidNumber=0,cn=peercred,cn=external,cn=auth",
            "SASL SSF: 0"
        ],
        "stdout": "dn: olcDatabase={2}hdb,cn=config\nobjectClass: olcDatabaseConfig\nobjectClass: olcHdbConfig\nolcDatabase: {2}hdb\nolcDbDirectory: /var/lib/ldap\nolcSuffix: dc=my-domain,dc=com\nolcRootDN: cn=Manager,dc=my-domain,dc=com\nolcDbIndex: objectClass eq,pres\nolcDbIndex: ou,cn,mail,surname,givenname eq,pres,sub",
        "stdout_lines": [
            "dn: olcDatabase={2}hdb,cn=config",
            "objectClass: olcDatabaseConfig",
            "objectClass: olcHdbConfig",
            "olcDatabase: {2}hdb",
            "olcDbDirectory: /var/lib/ldap",
            "olcSuffix: dc=my-domain,dc=com",
            "olcRootDN: cn=Manager,dc=my-domain,dc=com",
            "olcDbIndex: objectClass eq,pres",
            "olcDbIndex: ou,cn,mail,surname,givenname eq,pres,sub"
        ]
    }
}
2018-12-21 08:26:56,998 p=67864 u=Shimesaba |  PLAY RECAP **********************************************************************************************************************************
2018-12-21 08:26:56,998 p=67864 u=Shimesaba |  default                    : ok=3    changed=1    unreachable=0    failed=0   
2018-12-21 08:30:48,435 p=67994 u=Shimesaba |  PLAY [all] **********************************************************************************************************************************
2018-12-21 08:30:48,458 p=67994 u=Shimesaba |  TASK [Gathering Facts] **********************************************************************************************************************
2018-12-21 08:30:50,814 p=67994 u=Shimesaba |  ok: [default]
2018-12-21 08:30:50,865 p=67994 u=Shimesaba |  TASK [check prosent database configlation] **************************************************************************************************
2018-12-21 08:30:51,839 p=67994 u=Shimesaba |  fatal: [default]: FAILED! => {"changed": true, "cmd": ["ldapsearch", "-LLL", "-Y", "EXTERNAL", "-H", "ldapi:///", "-b", "dc=my-domain,dc=com"], "delta": "0:00:00.018603", "end": "2018-12-20 23:30:51.750469", "msg": "non-zero return code", "rc": 32, "start": "2018-12-20 23:30:51.731866", "stderr": "SASL/EXTERNAL authentication started\nSASL username: gidNumber=0+uidNumber=0,cn=peercred,cn=external,cn=auth\nSASL SSF: 0\nNo such object (32)", "stderr_lines": ["SASL/EXTERNAL authentication started", "SASL username: gidNumber=0+uidNumber=0,cn=peercred,cn=external,cn=auth", "SASL SSF: 0", "No such object (32)"], "stdout": "", "stdout_lines": []}
2018-12-21 08:30:51,843 p=67994 u=Shimesaba |  	to retry, use: --limit @/Users/Shimesaba/Vagrant/openldaptest1/playbook.retry

2018-12-21 08:30:51,843 p=67994 u=Shimesaba |  PLAY RECAP **********************************************************************************************************************************
2018-12-21 08:30:51,844 p=67994 u=Shimesaba |  default                    : ok=1    changed=0    unreachable=0    failed=1   
2018-12-21 08:38:04,077 p=68145 u=Shimesaba |  PLAY [all] **********************************************************************************************************************************
2018-12-21 08:38:04,099 p=68145 u=Shimesaba |  TASK [Gathering Facts] **********************************************************************************************************************
2018-12-21 08:38:06,266 p=68145 u=Shimesaba |  ok: [default]
2018-12-21 08:38:06,298 p=68145 u=Shimesaba |  TASK [stop slapd (OpenLDAP) before database setting] ****************************************************************************************
2018-12-21 08:38:07,292 p=68145 u=Shimesaba |  changed: [default]
2018-12-21 08:38:07,327 p=68145 u=Shimesaba |  TASK [display slapd satus] ******************************************************************************************************************
2018-12-21 08:38:07,504 p=68145 u=Shimesaba |  ok: [default] => {
    "result": {
        "changed": true,
        "failed": false,
        "name": "slapd",
        "state": "stopped",
        "status": {
            "ActiveEnterTimestamp": "Thu 2018-12-20 23:16:37 UTC",
            "ActiveEnterTimestampMonotonic": "36463961",
            "ActiveExitTimestampMonotonic": "0",
            "ActiveState": "active",
            "After": "basic.target network-online.target systemd-journald.socket system.slice syslog.target",
            "AllowIsolate": "no",
            "AmbientCapabilities": "0",
            "AssertResult": "yes",
            "AssertTimestamp": "Thu 2018-12-20 23:16:32 UTC",
            "AssertTimestampMonotonic": "31903579",
            "Before": "multi-user.target shutdown.target",
            "BlockIOAccounting": "no",
            "BlockIOWeight": "18446744073709551615",
            "CPUAccounting": "no",
            "CPUQuotaPerSecUSec": "infinity",
            "CPUSchedulingPolicy": "0",
            "CPUSchedulingPriority": "0",
            "CPUSchedulingResetOnFork": "no",
            "CPUShares": "18446744073709551615",
            "CanIsolate": "no",
            "CanReload": "no",
            "CanStart": "yes",
            "CanStop": "yes",
            "CapabilityBoundingSet": "18446744073709551615",
            "ConditionResult": "yes",
            "ConditionTimestamp": "Thu 2018-12-20 23:16:32 UTC",
            "ConditionTimestampMonotonic": "31903578",
            "Conflicts": "shutdown.target",
            "ControlGroup": "/system.slice/slapd.service",
            "ControlPID": "0",
            "DefaultDependencies": "yes",
            "Delegate": "no",
            "Description": "OpenLDAP Server Daemon",
            "DevicePolicy": "auto",
            "Documentation": "man:slapd man:slapd-config man:slapd-hdb man:slapd-mdb file:///usr/share/doc/openldap-servers/guide.html",
            "Environment": "SLAPD_URLS=ldap:///\\x20ldapi:/// SLAPD_OPTIONS=",
            "EnvironmentFile": "/etc/sysconfig/slapd (ignore_errors=no)",
            "ExecMainCode": "0",
            "ExecMainExitTimestampMonotonic": "0",
            "ExecMainPID": "890",
            "ExecMainStartTimestamp": "Thu 2018-12-20 23:16:37 UTC",
            "ExecMainStartTimestampMonotonic": "36463886",
            "ExecMainStatus": "0",
            "ExecStart": "{ path=/usr/sbin/slapd ; argv[]=/usr/sbin/slapd -u ldap -h ${SLAPD_URLS} $SLAPD_OPTIONS ; ignore_errors=no ; start_time=[Thu 2018-12-20 23:16:34 UTC] ; stop_time=[Thu 2018-12-20 23:16:37 UTC] ; pid=780 ; code=exited ; status=0 }",
            "ExecStartPre": "{ path=/usr/libexec/openldap/check-config.sh ; argv[]=/usr/libexec/openldap/check-config.sh ; ignore_errors=no ; start_time=[Thu 2018-12-20 23:16:32 UTC] ; stop_time=[Thu 2018-12-20 23:16:34 UTC] ; pid=722 ; code=exited ; status=0 }",
            "FailureAction": "none",
            "FileDescriptorStoreMax": "0",
            "FragmentPath": "/usr/lib/systemd/system/slapd.service",
            "GuessMainPID": "yes",
            "IOScheduling": "0",
            "Id": "slapd.service",
            "IgnoreOnIsolate": "no",
            "IgnoreOnSnapshot": "no",
            "IgnoreSIGPIPE": "yes",
            "InactiveEnterTimestampMonotonic": "0",
            "InactiveExitTimestamp": "Thu 2018-12-20 23:16:32 UTC",
            "InactiveExitTimestampMonotonic": "31908676",
            "JobTimeoutAction": "none",
            "JobTimeoutUSec": "0",
            "KillMode": "control-group",
            "KillSignal": "15",
            "LimitAS": "18446744073709551615",
            "LimitCORE": "18446744073709551615",
            "LimitCPU": "18446744073709551615",
            "LimitDATA": "18446744073709551615",
            "LimitFSIZE": "18446744073709551615",
            "LimitLOCKS": "18446744073709551615",
            "LimitMEMLOCK": "65536",
            "LimitMSGQUEUE": "819200",
            "LimitNICE": "0",
            "LimitNOFILE": "4096",
            "LimitNPROC": "1889",
            "LimitRSS": "18446744073709551615",
            "LimitRTPRIO": "0",
            "LimitRTTIME": "18446744073709551615",
            "LimitSIGPENDING": "1889",
            "LimitSTACK": "18446744073709551615",
            "LoadState": "loaded",
            "MainPID": "890",
            "MemoryAccounting": "no",
            "MemoryCurrent": "18446744073709551615",
            "MemoryLimit": "18446744073709551615",
            "MountFlags": "0",
            "Names": "slapd.service",
            "NeedDaemonReload": "no",
            "Nice": "0",
            "NoNewPrivileges": "no",
            "NonBlocking": "no",
            "NotifyAccess": "none",
            "OOMScoreAdjust": "0",
            "OnFailureJobMode": "replace",
            "PIDFile": "/var/run/openldap/slapd.pid",
            "PermissionsStartOnly": "no",
            "PrivateDevices": "no",
            "PrivateNetwork": "no",
            "PrivateTmp": "no",
            "ProtectHome": "no",
            "ProtectSystem": "no",
            "RefuseManualStart": "no",
            "RefuseManualStop": "no",
            "RemainAfterExit": "no",
            "Requires": "basic.target",
            "Restart": "no",
            "RestartUSec": "100ms",
            "Result": "success",
            "RootDirectoryStartOnly": "no",
            "RuntimeDirectoryMode": "0755",
            "SameProcessGroup": "no",
            "SecureBits": "0",
            "SendSIGHUP": "no",
            "SendSIGKILL": "yes",
            "Slice": "system.slice",
            "StandardError": "inherit",
            "StandardInput": "null",
            "StandardOutput": "journal",
            "StartLimitAction": "none",
            "StartLimitBurst": "5",
            "StartLimitInterval": "10000000",
            "StartupBlockIOWeight": "18446744073709551615",
            "StartupCPUShares": "18446744073709551615",
            "StatusErrno": "0",
            "StopWhenUnneeded": "no",
            "SubState": "running",
            "SyslogLevelPrefix": "yes",
            "SyslogPriority": "30",
            "SystemCallErrorNumber": "0",
            "TTYReset": "no",
            "TTYVHangup": "no",
            "TTYVTDisallocate": "no",
            "TasksAccounting": "no",
            "TasksCurrent": "18446744073709551615",
            "TasksMax": "18446744073709551615",
            "TimeoutStartUSec": "1min 30s",
            "TimeoutStopUSec": "1min 30s",
            "TimerSlackNSec": "50000",
            "Transient": "no",
            "Type": "forking",
            "UMask": "0022",
            "UnitFilePreset": "disabled",
            "UnitFileState": "enabled",
            "WantedBy": "multi-user.target",
            "Wants": "system.slice",
            "WatchdogTimestamp": "Thu 2018-12-20 23:16:37 UTC",
            "WatchdogTimestampMonotonic": "36463919",
            "WatchdogUSec": "0"
        }
    }
}
2018-12-21 08:38:07,507 p=68145 u=Shimesaba |  PLAY RECAP **********************************************************************************************************************************
2018-12-21 08:38:07,507 p=68145 u=Shimesaba |  default                    : ok=3    changed=1    unreachable=0    failed=0   
2018-12-21 08:54:03,252 p=68508 u=Shimesaba |  PLAY [all] **********************************************************************************************************************************
2018-12-21 08:54:03,272 p=68508 u=Shimesaba |  TASK [Gathering Facts] **********************************************************************************************************************
2018-12-21 08:54:05,486 p=68508 u=Shimesaba |  ok: [default]
2018-12-21 08:54:05,522 p=68508 u=Shimesaba |  TASK [remove configuration file] ************************************************************************************************************
2018-12-21 08:54:06,416 p=68508 u=Shimesaba |  changed: [default]
2018-12-21 08:54:06,447 p=68508 u=Shimesaba |  TASK [remove configration file result] ******************************************************************************************************
2018-12-21 08:54:06,653 p=68508 u=Shimesaba |  ok: [default] => {
    "result": {
        "changed": true,
        "diff": {
            "after": {
                "path": "/etc/openldap/slapd.d/cn=config/olcDatabase={2}hdb.ldif",
                "state": "absent"
            },
            "before": {
                "path": "/etc/openldap/slapd.d/cn=config/olcDatabase={2}hdb.ldif",
                "state": "file"
            }
        },
        "failed": false,
        "path": "/etc/openldap/slapd.d/cn=config/olcDatabase={2}hdb.ldif",
        "state": "absent"
    }
}
2018-12-21 08:54:06,656 p=68508 u=Shimesaba |  PLAY RECAP **********************************************************************************************************************************
2018-12-21 08:54:06,656 p=68508 u=Shimesaba |  default                    : ok=3    changed=1    unreachable=0    failed=0   
